#
# A fatal error has been detected by the Java Runtime Environment:
#
#  EXCEPTION_ACCESS_VIOLATION (0xc0000005) at pc=0x00000000623a8998, pid=1140, tid=10588
#
# JRE version: Java(TM) SE Runtime Environment (8.0_65-b17) (build 1.8.0_65-b17)
# Java VM: Java HotSpot(TM) 64-Bit Server VM (25.65-b01 mixed mode windows-amd64 compressed oops)
# Problematic frame:
# V  [jvm.dll+0x138998]
#
# Failed to write core dump. Minidumps are not enabled by default on client versions of Windows
#
# If you would like to submit a bug report, please visit:
#   http://bugreport.java.com/bugreport/crash.jsp
#

---------------  T H R E A D  ---------------

Current thread (0x0000000002374000):  GCTaskThread [stack: 0x00000000120d0000,0x00000000121d0000] [id=10588]

siginfo: ExceptionCode=0xc0000005, reading address 0xffffffffffffffff

Registers:
RAX=0x00000000122d0000, RBX=0x0000000000001033, RCX=0x0000000000000000, RDX=0x0000000000000000
RSP=0x00000000121cf7b0, RBP=0x0000000016fd50a0, RSI=0x00000000fe1a6654, RDI=0x0000000000000800
R8 =0x007fffffffc00004, R9 =0x0000000000000000, R10=0x000000000000000c, R11=0x0000000000000000
R12=0x00000000fe1a6670, R13=0x0000000000000010, R14=0x00000000fe1a6620, R15=0x0000000000000010
RIP=0x00000000623a8998, EFLAGS=0x0000000000010246

Top of Stack: (sp=0x00000000121cf7b0)
0x00000000121cf7b0:   00000000fe1a661c 0000000062383166
0x00000000121cf7c0:   00000000fe1a6620 00000000fe1a6614
0x00000000121cf7d0:   0000000016fd50a0 00000000623a8ab3
0x00000000121cf7e0:   0000000000000000 00000000000003d8
0x00000000121cf7f0:   0000000002374cd8 0000000016f455a0
0x00000000121cf800:   0000000000001033 0000000062662180
0x00000000121cf810:   0000000016fd50a0 000000000236bdf0
0x00000000121cf820:   0000000002374900 0000000002374900
0x00000000121cf830:   0000000000000000 0000000000000c00
0x00000000121cf840:   0000000000000000 0000000000000000
0x00000000121cf850:   0000000000000000 0000000019ddd800
0x00000000121cf860:   0000000000000001 0000000000000001
0x00000000121cf870:   0000ad5bc4b9a066 0000000002374cd8
0x00000000121cf880:   0000000002374900 00000000000003d8
0x00000000121cf890:   0000000002374900 000000000236bdf0
0x00000000121cf8a0:   00000000023748f0 0000000016f455a0 

Instructions: (pc=0x00000000623a8998)
0x00000000623a8978:   05 33 1c 6d 00 49 c1 e8 03 49 d3 e8 41 0f b6 c0
0x00000000623a8988:   49 c1 e8 06 24 3f 0f b6 d0 48 8b 05 48 1c 6d 00
0x00000000623a8998:   4a 8b 0c c0 48 0f a3 d1 72 3e 48 8b cf e8 16 0f
0x00000000623a89a8:   fd ff 84 c0 74 32 48 8b d7 48 8b cd e8 e7 dd fc 


Register to memory mapping:

RAX=0x00000000122d0000 is an unknown value
RBX=0x0000000000001033 is an unknown value
RCX=0x0000000000000000 is an unknown value
RDX=0x0000000000000000 is an unknown value
RSP=0x00000000121cf7b0 is an unknown value
RBP=0x0000000016fd50a0 is an unknown value
RSI=0x00000000fe1a6654 is an unknown value
RDI=0x0000000000000800 is an unknown value
R8 =0x007fffffffc00004 is an unknown value
R9 =0x0000000000000000 is an unknown value
R10=0x000000000000000c is an unknown value
R11=0x0000000000000000 is an unknown value
R12=0x00000000fe1a6670 is an oop
java.util.HashMap$Node 
 - klass: 'java/util/HashMap$Node'
R13=0x0000000000000010 is an unknown value
R14=0x00000000fe1a6620 is an oop
[Ljava.util.HashMap$Node; 
 - klass: 'java/util/HashMap$Node'[]
 - length: 16
R15=0x0000000000000010 is an unknown value


Stack: [0x00000000120d0000,0x00000000121d0000],  sp=0x00000000121cf7b0,  free space=1021k
Native frames: (J=compiled Java code, j=interpreted, Vv=VM code, C=native code)
V  [jvm.dll+0x138998]
V  [jvm.dll+0x3f2180]
V  [jvm.dll+0x3ef153]
V  [jvm.dll+0x3ecfbe]
V  [jvm.dll+0x299f7a]
C  [msvcr100.dll+0x21d9f]
C  [msvcr100.dll+0x21e3b]
C  [KERNEL32.DLL+0x18102]
C  [ntdll.dll+0x5c5b4]


---------------  P R O C E S S  ---------------

Java Threads: ( => current thread )
  0x0000000019ddd800 JavaThread "pool-7-thread-1" [_thread_blocked, id=4832, stack(0x0000000020e60000,0x0000000020f60000)]
  0x0000000019dde000 JavaThread "pool-6-thread-1" [_thread_blocked, id=3308, stack(0x000000001fba0000,0x000000001fca0000)]
  0x0000000019de2000 JavaThread "pool-5-thread-1" [_thread_blocked, id=12092, stack(0x000000001f8a0000,0x000000001f9a0000)]
  0x0000000018ff0800 JavaThread "pool-4-thread-1" [_thread_blocked, id=9240, stack(0x000000001f7a0000,0x000000001f8a0000)]
  0x000000001bcd0000 JavaThread "pool-3-thread-1" [_thread_blocked, id=19376, stack(0x000000001f6a0000,0x000000001f7a0000)]
  0x000000001b903000 JavaThread "pool-2-thread-1" [_thread_blocked, id=17268, stack(0x000000001f3a0000,0x000000001f4a0000)]
  0x000000001a4d7800 JavaThread "pool-1-thread-1" [_thread_blocked, id=18680, stack(0x000000001b2f0000,0x000000001b3f0000)]
  0x0000000019be5000 JavaThread "Abandoned connection cleanup thread" daemon [_thread_blocked, id=17460, stack(0x000000001a8b0000,0x000000001a9b0000)]
  0x00000000198f1000 JavaThread "ReaderThread" [_thread_in_native, id=21144, stack(0x000000001a7b0000,0x000000001a8b0000)]
  0x0000000018a1b800 JavaThread "Service Thread" daemon [_thread_blocked, id=19948, stack(0x0000000018de0000,0x0000000018ee0000)]
  0x0000000017081800 JavaThread "C1 CompilerThread2" daemon [_thread_blocked, id=8660, stack(0x00000000188e0000,0x00000000189e0000)]
  0x000000001707d000 JavaThread "C2 CompilerThread1" daemon [_thread_blocked, id=14584, stack(0x00000000187e0000,0x00000000188e0000)]
  0x000000001707a800 JavaThread "C2 CompilerThread0" daemon [_thread_blocked, id=3776, stack(0x00000000186e0000,0x00000000187e0000)]
  0x0000000017079000 JavaThread "Attach Listener" daemon [_thread_blocked, id=18624, stack(0x00000000185e0000,0x00000000186e0000)]
  0x0000000017077800 JavaThread "Signal Dispatcher" daemon [_thread_blocked, id=11856, stack(0x00000000184e0000,0x00000000185e0000)]
  0x000000000244b000 JavaThread "Finalizer" daemon [_thread_blocked, id=5896, stack(0x00000000182e0000,0x00000000183e0000)]
  0x0000000002447800 JavaThread "Reference Handler" daemon [_thread_blocked, id=15544, stack(0x00000000181e0000,0x00000000182e0000)]
  0x000000000235a800 JavaThread "main" [_thread_blocked, id=3784, stack(0x0000000002250000,0x0000000002350000)]

Other Threads:
  0x0000000017038000 VMThread [stack: 0x00000000180e0000,0x00000000181e0000] [id=11292]
  0x0000000018ad5800 WatcherThread [stack: 0x0000000018ee0000,0x0000000018fe0000] [id=13344]

=>0x0000000002374000 (exited) GCTaskThread [stack: 0x00000000120d0000,0x00000000121d0000] [id=10588]

VM state:at safepoint (normal execution)

VM Mutex/Monitor currently owned by a thread:  ([mutex/lock_event])
[0x0000000002357ee0] Threads_lock - owner thread: 0x0000000017038000
[0x0000000002357a60] Heap_lock - owner thread: 0x000000000235a800

Heap:
 PSYoungGen      total 617472K, used 50539K [0x00000000d5580000, 0x0000000100000000, 0x0000000100000000)
  eden space 542208K, 0% used [0x00000000d5580000,0x00000000d5580000,0x00000000f6700000)
  from space 75264K, 67% used [0x00000000fb680000,0x00000000fe7dac50,0x0000000100000000)
  to   space 78336K, 0% used [0x00000000f6700000,0x00000000f6700000,0x00000000fb380000)
 ParOldGen       total 282112K, used 252960K [0x0000000080000000, 0x0000000091380000, 0x00000000d5580000)
  object space 282112K, 89% used [0x0000000080000000,0x000000008f7080e0,0x0000000091380000)
 Metaspace       used 32521K, capacity 32888K, committed 33152K, reserved 1079296K
  class space    used 3864K, capacity 3963K, committed 3968K, reserved 1048576K

Card table byte_map: [0x0000000011810000,0x0000000011c20000] byte_map_base: 0x0000000011410000

Marking Bits: (ParMarkBitMap*) 0x0000000062a7a5b0
 Begin Bits: [0x00000000122d0000, 0x00000000142d0000)
 End Bits:   [0x00000000142d0000, 0x00000000162d0000)

Polling page: 0x0000000000710000

CodeCache: size=245760Kb used=22292Kb max_used=22292Kb free=223467Kb
 bounds [0x0000000002450000, 0x0000000003a30000, 0x0000000011450000]
 total_blobs=6249 nmethods=5739 adapters=422
 compilation: enabled

Compilation events (10 events):
Event: 14.638 Thread 0x0000000017081800 6494       3       org.hibernate.persister.entity.SingleTableEntityPersister::addDiscriminatorToInsert (21 bytes)
Event: 14.638 Thread 0x0000000017081800 nmethod 6494 0x0000000003a22710 code [0x0000000003a22880, 0x0000000003a22c08]
Event: 14.643 Thread 0x0000000017081800 6495       3       org.hibernate.loader.plan.exec.internal.RootHelper::extractRootReturn (109 bytes)
Event: 14.644 Thread 0x0000000017081800 nmethod 6495 0x0000000003a22d50 code [0x0000000003a23060, 0x0000000003a24988]
Event: 14.644 Thread 0x0000000017081800 6496       3       java.util.Collections$SingletonList::get (41 bytes)
Event: 14.645 Thread 0x0000000017081800 nmethod 6496 0x0000000003a25690 code [0x0000000003a25880, 0x0000000003a261c8]
Event: 14.645 Thread 0x0000000017081800 6497       3       org.hibernate.loader.plan.exec.internal.AbstractLoadQueryDetails::<init> (37 bytes)
Event: 14.645 Thread 0x0000000017081800 nmethod 6497 0x0000000003a265d0 code [0x0000000003a26740, 0x0000000003a26a90]
Event: 14.645 Thread 0x0000000017081800 6498       3       org.hibernate.loader.plan.exec.query.internal.SelectStatementBuilder::<init> (49 bytes)
Event: 14.645 Thread 0x0000000017081800 nmethod 6498 0x0000000003a26c10 code [0x0000000003a26dc0, 0x0000000003a27510]

GC Heap History (10 events):
Event: 10.674 GC heap after
Heap after GC invocations=15 (full 2):
 PSYoungGen      total 403456K, used 40274K [0x00000000d5580000, 0x00000000f8580000, 0x0000000100000000)
  eden space 359936K, 0% used [0x00000000d5580000,0x00000000d5580000,0x00000000eb500000)
  from space 43520K, 92% used [0x00000000eb500000,0x00000000edc54bb8,0x00000000edf80000)
  to   space 49152K, 0% used [0x00000000f5580000,0x00000000f5580000,0x00000000f8580000)
 ParOldGen       total 152064K, used 128528K [0x0000000080000000, 0x0000000089480000, 0x00000000d5580000)
  object space 152064K, 84% used [0x0000000080000000,0x0000000087d841d8,0x0000000089480000)
 Metaspace       used 30890K, capacity 31248K, committed 31488K, reserved 1077248K
  class space    used 3698K, capacity 3791K, committed 3840K, reserved 1048576K
}
Event: 10.674 GC heap before
{Heap before GC invocations=16 (full 3):
 PSYoungGen      total 403456K, used 40274K [0x00000000d5580000, 0x00000000f8580000, 0x0000000100000000)
  eden space 359936K, 0% used [0x00000000d5580000,0x00000000d5580000,0x00000000eb500000)
  from space 43520K, 92% used [0x00000000eb500000,0x00000000edc54bb8,0x00000000edf80000)
  to   space 49152K, 0% used [0x00000000f5580000,0x00000000f5580000,0x00000000f8580000)
 ParOldGen       total 152064K, used 128528K [0x0000000080000000, 0x0000000089480000, 0x00000000d5580000)
  object space 152064K, 84% used [0x0000000080000000,0x0000000087d841d8,0x0000000089480000)
 Metaspace       used 30890K, capacity 31248K, committed 31488K, reserved 1077248K
  class space    used 3698K, capacity 3791K, committed 3840K, reserved 1048576K
Event: 11.264 GC heap after
Heap after GC invocations=16 (full 3):
 PSYoungGen      total 403456K, used 13008K [0x00000000d5580000, 0x00000000f8580000, 0x0000000100000000)
  eden space 359936K, 0% used [0x00000000d5580000,0x00000000d5580000,0x00000000eb500000)
  from space 43520K, 29% used [0x00000000eb500000,0x00000000ec1b4110,0x00000000edf80000)
  to   space 49152K, 0% used [0x00000000f5580000,0x00000000f5580000,0x00000000f8580000)
 ParOldGen       total 282112K, used 152009K [0x0000000080000000, 0x0000000091380000, 0x00000000d5580000)
  object space 282112K, 53% used [0x0000000080000000,0x0000000089472570,0x0000000091380000)
 Metaspace       used 30890K, capacity 31248K, committed 31488K, reserved 1077248K
  class space    used 3698K, capacity 3791K, committed 3840K, reserved 1048576K
}
Event: 12.184 GC heap before
{Heap before GC invocations=17 (full 3):
 PSYoungGen      total 403456K, used 372944K [0x00000000d5580000, 0x00000000f8580000, 0x0000000100000000)
  eden space 359936K, 100% used [0x00000000d5580000,0x00000000eb500000,0x00000000eb500000)
  from space 43520K, 29% used [0x00000000eb500000,0x00000000ec1b4110,0x00000000edf80000)
  to   space 49152K, 0% used [0x00000000f5580000,0x00000000f5580000,0x00000000f8580000)
 ParOldGen       total 282112K, used 152009K [0x0000000080000000, 0x0000000091380000, 0x00000000d5580000)
  object space 282112K, 53% used [0x0000000080000000,0x0000000089472570,0x0000000091380000)
 Metaspace       used 31024K, capacity 31382K, committed 31744K, reserved 1077248K
  class space    used 3703K, capacity 3792K, committed 3840K, reserved 1048576K
Event: 12.283 GC heap after
Heap after GC invocations=17 (full 3):
 PSYoungGen      total 486400K, used 40530K [0x00000000d5580000, 0x00000000f7d80000, 0x0000000100000000)
  eden space 445440K, 0% used [0x00000000d5580000,0x00000000d5580000,0x00000000f0880000)
  from space 40960K, 98% used [0x00000000f5580000,0x00000000f7d14ba8,0x00000000f7d80000)
  to   space 53760K, 0% used [0x00000000f1480000,0x00000000f1480000,0x00000000f4900000)
 ParOldGen       total 282112K, used 164995K [0x0000000080000000, 0x0000000091380000, 0x00000000d5580000)
  object space 282112K, 58% used [0x0000000080000000,0x000000008a120f58,0x0000000091380000)
 Metaspace       used 31024K, capacity 31382K, committed 31744K, reserved 1077248K
  class space    used 3703K, capacity 3792K, committed 3840K, reserved 1048576K
}
Event: 13.521 GC heap before
{Heap before GC invocations=18 (full 3):
 PSYoungGen      total 486400K, used 485970K [0x00000000d5580000, 0x00000000f7d80000, 0x0000000100000000)
  eden space 445440K, 100% used [0x00000000d5580000,0x00000000f0880000,0x00000000f0880000)
  from space 40960K, 98% used [0x00000000f5580000,0x00000000f7d14ba8,0x00000000f7d80000)
  to   space 53760K, 0% used [0x00000000f1480000,0x00000000f1480000,0x00000000f4900000)
 ParOldGen       total 282112K, used 164995K [0x0000000080000000, 0x0000000091380000, 0x00000000d5580000)
  object space 282112K, 58% used [0x0000000080000000,0x000000008a120f58,0x0000000091380000)
 Metaspace       used 32454K, capacity 32870K, committed 33152K, reserved 1079296K
  class space    used 3862K, capacity 3960K, committed 3968K, reserved 1048576K
Event: 13.623 GC heap after
Heap after GC invocations=18 (full 3):
 PSYoungGen      total 511488K, used 53740K [0x00000000d5580000, 0x0000000100000000, 0x0000000100000000)
  eden space 457728K, 0% used [0x00000000d5580000,0x00000000d5580000,0x00000000f1480000)
  from space 53760K, 99% used [0x00000000f1480000,0x00000000f48fb240,0x00000000f4900000)
  to   space 75264K, 0% used [0x00000000fb680000,0x00000000fb680000,0x0000000100000000)
 ParOldGen       total 282112K, used 199120K [0x0000000080000000, 0x0000000091380000, 0x00000000d5580000)
  object space 282112K, 70% used [0x0000000080000000,0x000000008c274028,0x0000000091380000)
 Metaspace       used 32454K, capacity 32870K, committed 33152K, reserved 1079296K
  class space    used 3862K, capacity 3960K, committed 3968K, reserved 1048576K
}
Event: 14.650 GC heap before
{Heap before GC invocations=19 (full 3):
 PSYoungGen      total 511488K, used 511468K [0x00000000d5580000, 0x0000000100000000, 0x0000000100000000)
  eden space 457728K, 100% used [0x00000000d5580000,0x00000000f1480000,0x00000000f1480000)
  from space 53760K, 99% used [0x00000000f1480000,0x00000000f48fb240,0x00000000f4900000)
  to   space 75264K, 0% used [0x00000000fb680000,0x00000000fb680000,0x0000000100000000)
 ParOldGen       total 282112K, used 199120K [0x0000000080000000, 0x0000000091380000, 0x00000000d5580000)
  object space 282112K, 70% used [0x0000000080000000,0x000000008c274028,0x0000000091380000)
 Metaspace       used 32521K, capacity 32888K, committed 33152K, reserved 1079296K
  class space    used 3864K, capacity 3963K, committed 3968K, reserved 1048576K
Event: 14.763 GC heap after
Heap after GC invocations=19 (full 3):
 PSYoungGen      total 617472K, used 50539K [0x00000000d5580000, 0x0000000100000000, 0x0000000100000000)
  eden space 542208K, 0% used [0x00000000d5580000,0x00000000d5580000,0x00000000f6700000)
  from space 75264K, 67% used [0x00000000fb680000,0x00000000fe7dac50,0x0000000100000000)
  to   space 78336K, 0% used [0x00000000f6700000,0x00000000f6700000,0x00000000fb380000)
 ParOldGen       total 282112K, used 252960K [0x0000000080000000, 0x0000000091380000, 0x00000000d5580000)
  object space 282112K, 89% used [0x0000000080000000,0x000000008f7080e0,0x0000000091380000)
 Metaspace       used 32521K, capacity 32888K, committed 33152K, reserved 1079296K
  class space    used 3864K, capacity 3963K, committed 3968K, reserved 1048576K
}
Event: 14.763 GC heap before
{Heap before GC invocations=20 (full 4):
 PSYoungGen      total 617472K, used 50539K [0x00000000d5580000, 0x0000000100000000, 0x0000000100000000)
  eden space 542208K, 0% used [0x00000000d5580000,0x00000000d5580000,0x00000000f6700000)
  from space 75264K, 67% used [0x00000000fb680000,0x00000000fe7dac50,0x0000000100000000)
  to   space 78336K, 0% used [0x00000000f6700000,0x00000000f6700000,0x00000000fb380000)
 ParOldGen       total 282112K, used 252960K [0x0000000080000000, 0x0000000091380000, 0x00000000d5580000)
  object space 282112K, 89% used [0x0000000080000000,0x000000008f7080e0,0x0000000091380000)
 Metaspace       used 32521K, capacity 32888K, committed 33152K, reserved 1079296K
  class space    used 3864K, capacity 3963K, committed 3968K, reserved 1048576K

Deoptimization events (10 events):
Event: 12.816 Thread 0x000000000235a800 Uncommon trap: reason=null_check action=make_not_entrant pc=0x00000000037ca64c method=org.hibernate.persister.entity.AbstractPropertyMapping.toColumns(Ljava/lang/String;Ljava/lang/String;)[Ljava/lang/String; @ 34
Event: 12.826 Thread 0x000000000235a800 Uncommon trap: reason=unstable_if action=reinterpret pc=0x0000000003451e08 method=java.lang.String.trim()Ljava/lang/String; @ 23
Event: 12.835 Thread 0x000000000235a800 Uncommon trap: reason=unstable_if action=reinterpret pc=0x000000000274ab40 method=java.lang.String.indexOf([CII[CIII)I @ 27
Event: 12.835 Thread 0x000000000235a800 Uncommon trap: reason=unstable_if action=reinterpret pc=0x00000000026d59dc method=java.lang.String.indexOf([CII[CIII)I @ 27
Event: 12.836 Thread 0x000000000235a800 Uncommon trap: reason=unstable_if action=reinterpret pc=0x00000000032850fc method=java.util.StringTokenizer.scanToken(I)I @ 42
Event: 12.854 Thread 0x000000000235a800 Uncommon trap: reason=unstable_if action=reinterpret pc=0x00000000032c2e64 method=java.util.HashMap.putMapEntries(Ljava/util/Map;Z)V @ 53
Event: 12.858 Thread 0x000000000235a800 Uncommon trap: reason=unstable_if action=reinterpret pc=0x00000000029db418 method=java.util.Collections$UnmodifiableMap.keySet()Ljava/util/Set; @ 4
Event: 12.861 Thread 0x000000000235a800 Uncommon trap: reason=bimorphic action=maybe_recompile pc=0x000000000291f3a8 method=java.util.regex.Pattern$Start.match(Ljava/util/regex/Matcher;ILjava/lang/CharSequence;)Z @ 44
Event: 12.861 Thread 0x000000000235a800 Uncommon trap: reason=class_check action=maybe_recompile pc=0x00000000030e7678 method=java.lang.AbstractStringBuilder.append(Ljava/lang/CharSequence;)Ljava/lang/AbstractStringBuilder; @ 37
Event: 12.861 Thread 0x000000000235a800 Uncommon trap: reason=bimorphic action=maybe_recompile pc=0x000000000291f3a8 method=java.util.regex.Pattern$Start.match(Ljava/util/regex/Matcher;ILjava/lang/CharSequence;)Z @ 44

Internal exceptions (10 events):
Event: 14.220 Thread 0x000000000235a800 Exception <a 'java/security/PrivilegedActionException'> (0x00000000e284f4d8) thrown at [C:\workspace\8-2-build-windows-amd64-cygwin\jdk8u65\4987\hotspot\src\share\vm\prims\jvm.cpp, line 1386]
Event: 14.220 Thread 0x000000000235a800 Exception <a 'java/security/PrivilegedActionException'> (0x00000000e284f8d0) thrown at [C:\workspace\8-2-build-windows-amd64-cygwin\jdk8u65\4987\hotspot\src\share\vm\prims\jvm.cpp, line 1386]
Event: 14.220 Thread 0x000000000235a800 Exception <a 'java/security/PrivilegedActionException'> (0x00000000e28512a0) thrown at [C:\workspace\8-2-build-windows-amd64-cygwin\jdk8u65\4987\hotspot\src\share\vm\prims\jvm.cpp, line 1386]
Event: 14.220 Thread 0x000000000235a800 Exception <a 'java/security/PrivilegedActionException'> (0x00000000e2851698) thrown at [C:\workspace\8-2-build-windows-amd64-cygwin\jdk8u65\4987\hotspot\src\share\vm\prims\jvm.cpp, line 1386]
Event: 14.221 Thread 0x000000000235a800 Exception <a 'java/security/PrivilegedActionException'> (0x00000000e2888978) thrown at [C:\workspace\8-2-build-windows-amd64-cygwin\jdk8u65\4987\hotspot\src\share\vm\prims\jvm.cpp, line 1386]
Event: 14.221 Thread 0x000000000235a800 Exception <a 'java/security/PrivilegedActionException'> (0x00000000e2888d70) thrown at [C:\workspace\8-2-build-windows-amd64-cygwin\jdk8u65\4987\hotspot\src\share\vm\prims\jvm.cpp, line 1386]
Event: 14.221 Thread 0x000000000235a800 Exception <a 'java/security/PrivilegedActionException'> (0x00000000e288a7c0) thrown at [C:\workspace\8-2-build-windows-amd64-cygwin\jdk8u65\4987\hotspot\src\share\vm\prims\jvm.cpp, line 1386]
Event: 14.221 Thread 0x000000000235a800 Exception <a 'java/security/PrivilegedActionException'> (0x00000000e288abb8) thrown at [C:\workspace\8-2-build-windows-amd64-cygwin\jdk8u65\4987\hotspot\src\share\vm\prims\jvm.cpp, line 1386]
Event: 14.221 Thread 0x000000000235a800 Exception <a 'java/security/PrivilegedActionException'> (0x00000000e288c588) thrown at [C:\workspace\8-2-build-windows-amd64-cygwin\jdk8u65\4987\hotspot\src\share\vm\prims\jvm.cpp, line 1386]
Event: 14.221 Thread 0x000000000235a800 Exception <a 'java/security/PrivilegedActionException'> (0x00000000e288c980) thrown at [C:\workspace\8-2-build-windows-amd64-cygwin\jdk8u65\4987\hotspot\src\share\vm\prims\jvm.cpp, line 1386]

Events (10 events):
Event: 14.217 loading class br/com/cdan/model/geral/cep/EnumLadoDaRua done
Event: 14.219 loading class javax/validation/Validation
Event: 14.219 loading class javax/validation/Validation done
Event: 14.219 loading class org/hibernate/cfg/beanvalidation/TypeSafeActivator
Event: 14.219 loading class org/hibernate/cfg/beanvalidation/TypeSafeActivator done
Event: 14.338 loading class org/hibernate/validator/internal/metadata/aggregated/ParameterMetaData$1
Event: 14.338 loading class org/hibernate/validator/internal/metadata/aggregated/ParameterMetaData$1 done
Event: 14.611 Executing VM operation: ForceSafepoint
Event: 14.612 Executing VM operation: ForceSafepoint done
Event: 14.650 Executing VM operation: ParallelGCFailedAllocation


Dynamic libraries:
0x00007ff6ebe30000 - 0x00007ff6ebe67000 	C:\Program Files\Java\jdk1.8.0_65\bin\javaw.exe
0x00007ffc60dd0000 - 0x00007ffc60f91000 	C:\WINDOWS\SYSTEM32\ntdll.dll
0x00007ffc5f670000 - 0x00007ffc5f71d000 	C:\WINDOWS\system32\KERNEL32.DLL
0x00007ffc5d700000 - 0x00007ffc5d8e8000 	C:\WINDOWS\system32\KERNELBASE.dll
0x00007ffc5eeb0000 - 0x00007ffc5ef57000 	C:\WINDOWS\system32\ADVAPI32.dll
0x00007ffc5f030000 - 0x00007ffc5f0cd000 	C:\WINDOWS\system32\msvcrt.dll
0x00007ffc5e980000 - 0x00007ffc5e9db000 	C:\WINDOWS\system32\sechost.dll
0x00007ffc5f2e0000 - 0x00007ffc5f3fc000 	C:\WINDOWS\system32\RPCRT4.dll
0x00007ffc5e230000 - 0x00007ffc5e386000 	C:\WINDOWS\system32\USER32.dll
0x00007ffc5f4e0000 - 0x00007ffc5f666000 	C:\WINDOWS\system32\GDI32.dll
0x00007ffc4b100000 - 0x00007ffc4b374000 	C:\WINDOWS\WinSxS\amd64_microsoft.windows.common-controls_6595b64144ccf1df_6.0.10586.0_none_8c15ae12515e1c22\COMCTL32.dll
0x00007ffc5ea50000 - 0x00007ffc5eccd000 	C:\WINDOWS\system32\combase.dll
0x00007ffc5e160000 - 0x00007ffc5e1ca000 	C:\WINDOWS\system32\bcryptPrimitives.dll
0x00007ffc5e1f0000 - 0x00007ffc5e22b000 	C:\WINDOWS\system32\IMM32.DLL
0x0000000062b00000 - 0x0000000062bd2000 	C:\Program Files\Java\jdk1.8.0_65\jre\bin\msvcr100.dll
0x0000000062270000 - 0x0000000062af9000 	C:\Program Files\Java\jdk1.8.0_65\jre\bin\server\jvm.dll
0x00007ffc5e1d0000 - 0x00007ffc5e1d8000 	C:\WINDOWS\system32\PSAPI.DLL
0x00007ffc5b7a0000 - 0x00007ffc5b7c3000 	C:\WINDOWS\SYSTEM32\WINMM.dll
0x00007ffc536c0000 - 0x00007ffc536c9000 	C:\WINDOWS\SYSTEM32\WSOCK32.dll
0x00007ffc5efc0000 - 0x00007ffc5f02b000 	C:\WINDOWS\system32\WS2_32.dll
0x00007ffc56630000 - 0x00007ffc5663a000 	C:\WINDOWS\SYSTEM32\VERSION.dll
0x00007ffc5a190000 - 0x00007ffc5a1bc000 	C:\WINDOWS\SYSTEM32\WINMMBASE.dll
0x00007ffc5dac0000 - 0x00007ffc5db03000 	C:\WINDOWS\system32\cfgmgr32.dll
0x0000000062260000 - 0x000000006226f000 	C:\Program Files\Java\jdk1.8.0_65\jre\bin\verify.dll
0x0000000062230000 - 0x0000000062259000 	C:\Program Files\Java\jdk1.8.0_65\jre\bin\java.dll
0x0000000062210000 - 0x0000000062226000 	C:\Program Files\Java\jdk1.8.0_65\jre\bin\zip.dll
0x00007ffc5f870000 - 0x00007ffc60dcc000 	C:\WINDOWS\system32\SHELL32.dll
0x00007ffc5db10000 - 0x00007ffc5e154000 	C:\WINDOWS\system32\windows.storage.dll
0x00007ffc5f0d0000 - 0x00007ffc5f122000 	C:\WINDOWS\system32\shlwapi.dll
0x00007ffc5d470000 - 0x00007ffc5d47f000 	C:\WINDOWS\system32\kernel.appcore.dll
0x00007ffc5d5e0000 - 0x00007ffc5d695000 	C:\WINDOWS\system32\shcore.dll
0x00007ffc5d3f0000 - 0x00007ffc5d43b000 	C:\WINDOWS\system32\powrprof.dll
0x00007ffc5d450000 - 0x00007ffc5d464000 	C:\WINDOWS\system32\profapi.dll
0x00000000621f0000 - 0x000000006220a000 	C:\Program Files\Java\jdk1.8.0_65\jre\bin\net.dll
0x00007ffc5cd20000 - 0x00007ffc5cd7c000 	C:\WINDOWS\system32\mswsock.dll
0x00007ffc5be10000 - 0x00007ffc5beba000 	C:\WINDOWS\SYSTEM32\DNSAPI.dll
0x00007ffc5f4d0000 - 0x00007ffc5f4d8000 	C:\WINDOWS\system32\NSI.dll
0x0000000064320000 - 0x0000000064346000 	C:\Program Files\Bonjour\mdnsNSP.dll
0x00007ffc57990000 - 0x00007ffc579c8000 	C:\WINDOWS\SYSTEM32\Iphlpapi.DLL
0x00007ffc54bd0000 - 0x00007ffc54bda000 	C:\Windows\System32\rasadhlp.dll
0x00007ffc56e00000 - 0x00007ffc56e67000 	C:\WINDOWS\System32\fwpuclnt.dll
0x00007ffc5cff0000 - 0x00007ffc5d019000 	C:\WINDOWS\SYSTEM32\bcrypt.dll
0x00007ffc5cdd0000 - 0x00007ffc5cde7000 	C:\WINDOWS\SYSTEM32\CRYPTSP.dll
0x00007ffc5ca60000 - 0x00007ffc5ca94000 	C:\WINDOWS\system32\rsaenh.dll
0x00007ffc5cbb0000 - 0x00007ffc5cbcf000 	C:\WINDOWS\SYSTEM32\USERENV.dll
0x00007ffc5cef0000 - 0x00007ffc5cefb000 	C:\WINDOWS\SYSTEM32\CRYPTBASE.dll
0x00007ffc57970000 - 0x00007ffc57986000 	C:\WINDOWS\SYSTEM32\dhcpcsvc6.DLL
0x00007ffc57950000 - 0x00007ffc5796a000 	C:\WINDOWS\SYSTEM32\dhcpcsvc.DLL
0x00000000621d0000 - 0x00000000621e1000 	C:\Program Files\Java\jdk1.8.0_65\jre\bin\nio.dll
0x00007ffc5b130000 - 0x00007ffc5b2bc000 	C:\WINDOWS\SYSTEM32\dbghelp.dll

VM Arguments:
jvm_args: -Dfile.encoding=ISO-8859-1 
java_command: org.eclipse.jdt.internal.junit.runner.RemoteTestRunner -version 3 -port 53686 -testLoaderClass org.eclipse.jdt.internal.junit4.runner.JUnit4TestLoader -loaderpluginname org.eclipse.jdt.junit4.runtime -classNames br.com.cdan.negocio.teste.biblioteca.ClassificacaoLiterariaDAOTeste
java_class_path (initial): C:\Desenvolvimento\siseduca\siseduca\siseduca-ejb\target\test-classes;C:\Desenvolvimento\siseduca\siseduca\siseduca-ejb\target\classes;C:\Desenvolvimento\wildfly-10.0.0.Final\modules\system\layers\base\javax\activation\api\main\activation-1.1.1.jar;C:\Desenvolvimento\wildfly-10.0.0.Final\modules\system\layers\base\javax\annotation\api\main\jboss-annotations-api_1.2_spec-1.0.0.Final.jar;C:\Desenvolvimento\wildfly-10.0.0.Final\modules\system\layers\base\javax\ejb\api\main\jboss-ejb-api_3.2_spec-1.0.0.Final.jar;C:\Desenvolvimento\wildfly-10.0.0.Final\modules\system\layers\base\javax\el\api\main\jboss-el-api_3.0_spec-1.0.5.Final.jar;C:\Desenvolvimento\wildfly-10.0.0.Final\modules\system\layers\base\javax\enterprise\api\main\cdi-api-1.2.jar;C:\Desenvolvimento\wildfly-10.0.0.Final\modules\system\layers\base\javax\faces\api\main\jboss-jsf-api_2.2_spec-2.2.12.jar;C:\Desenvolvimento\wildfly-10.0.0.Final\modules\system\layers\base\javax\inject\api\main\javax.inject-1.jar;C:\Desenvolvimento\wildfly-10.0.0.Final\modules\system\layers\base\javax\interceptor\api\main\jboss-interceptors-api_1.2_spec-1.0.0.Final.jar;C:\Desenvolvimento\wildfly-10.0.0.Final\modules\system\layers\base\javax\jms\api\main\jboss-jms-api_2.0_spec-1.0.0.Final.jar;C:\Desenvolvimento\wildfly-10.0.0.Final\modules\system\layers\base\javax\jws\api\main\jsr181-api-1.0-MR1.jar;C:\Desenvolvimento\wildfly-10.0.0.Final\modules\system\layers\base\javax\mail\api\main\javax.mail-1.5.5.jar;C:\Desenvolvimento\wildfly-10.0.0.Final\modules\system\layers\base\javax\management\j2ee\api\main\jboss-j2eemgmt-api_1.1_spec-1.0.1.Final.jar;C:\Desenvolvimento\wildfly-10.0.0.Final\modules\system\layers\base\javax\persistence\api\main\hibernate-jpa-2.1-api-1.0.0.Final.jar;C:\Desenvolvimento\wildfly-10.0.0.Final\modules\system\layers\base\javax\resource\api\main\jboss-connector-api_1.7_spec-1.0.0.Final.jar;C:\Desenvolvimento\wildfly-10.0.0.Final\modules\system\layers\base\javax\security\auth\message\api\ma
Launcher Type: SUN_STANDARD

Environment Variables:
JAVA_HOME=C:\Program Files\Java\jdk1.8.0_65
PATH=C:/Program Files/Java/jre1.8.0_91/bin/server;C:/Program Files/Java/jre1.8.0_91/bin;C:/Program Files/Java/jre1.8.0_91/lib/amd64;C:\ProgramData\Oracle\Java\javapath;C:\WINDOWS\system32;C:\WINDOWS;C:\WINDOWS\System32\Wbem;C:\WINDOWS\System32\WindowsPowerShell\v1.0\;C:\Program Files (x86)\ATI Technologies\ATI.ACE\Core-Static;C:\Program Files\SafeNet\Authentication\SAC\x32;C:\Program Files\SafeNet\Authentication\SAC\x64;C:\Program Files (x86)\QuickTime\QTSystem\;C:\Desenvolvimento\apache-maven-3.3.9\\bin;C:\Program Files (x86)\Skype\Phone\;C:\Users\daniel\Desktop;
USERNAME=daniel
OS=Windows_NT
PROCESSOR_IDENTIFIER=AMD64 Family 16 Model 4 Stepping 2, AuthenticAMD



---------------  S Y S T E M  ---------------

OS: Windows 10.0 , 64 bit Build 10586 (10.0.10586.0)

CPU:total 4 (4 cores per cpu, 1 threads per core) family 16 model 4 stepping 2, cmov, cx8, fxsr, mmx, sse, sse2, sse3, popcnt, mmxext, 3dnowpref, lzcnt, sse4a, tsc, tscinvbit, tscinv

Memory: 4k page, physical 8386736k(3233088k free), swap 13054724k(3195580k free)

vm_info: Java HotSpot(TM) 64-Bit Server VM (25.65-b01) for windows-amd64 JRE (1.8.0_65-b17), built on Oct  6 2015 16:39:20 by "java_re" with MS VC++ 10.0 (VS2010)

time: Fri May 13 11:23:33 2016
elapsed time: 14 seconds (0d 0h 0m 14s)

